<?xml version="1.0" encoding="UTF-8"?>
<!-- Generated by org.testng.reporters.JUnitXMLReporter -->
<testsuite ignored="0" hostname="W10161202" failures="0" tests="4" name="Default test" time="8.938" errors="0" timestamp="09 Nov 2017 11:11:34 GMT">
  <testcase classname="tests.LoginDDT" name="loginTest" time="2.657"/>
  <testcase classname="tests.LoginDDT" name="loginTest" time="1.168"/>
  <testcase classname="tests.LoginDDT" name="loginTest" time="1.225"/>
  <testcase classname="tests.LoginDDT" name="loginTest" time="0.957"/>
</testsuite> <!-- Default test -->
