<?xml version="1.0" encoding="UTF-8"?>
<testng-results ignored="0" total="1" passed="0" failed="1" skipped="0">
  <reporter-output>
  </reporter-output>
  <suite started-at="2017-11-09T12:00:19Z" name="Default suite" finished-at="2017-11-09T12:00:28Z" duration-ms="8363">
    <groups>
    </groups>
    <test started-at="2017-11-09T12:00:19Z" name="Default test" finished-at="2017-11-09T12:00:28Z" duration-ms="8363">
      <class name="tests.Expedia">
        <test-method is-config="true" signature="setup()[pri:0, instance:tests.Expedia@58a9760d]" started-at="2017-11-09T12:00:19Z" name="setup" finished-at="2017-11-09T12:00:27Z" duration-ms="7969" status="PASS">
          <reporter-output>
          </reporter-output>
        </test-method> <!-- setup -->
        <test-method signature="hotelReservation()[pri:0, instance:tests.Expedia@58a9760d]" started-at="2017-11-09T12:00:27Z" name="hotelReservation" finished-at="2017-11-09T12:00:28Z" duration-ms="364" status="FAIL">
          <exception class="org.openqa.selenium.NoSuchElementException">
            <message>
              <![CDATA[Unable to locate element: #gcw-hotel-form-hp-hotel > button.submit
For documentation on this error, please visit: http://seleniumhq.org/exceptions/no_such_element.html
Build info: version: '3.7.1', revision: '8a0099a', time: '2017-11-06T21:07:36.161Z'
System info: host: 'W10161202', ip: '192.168.0.71', os.name: 'Windows 10', os.arch: 'amd64', os.version: '10.0', java.version: '9.0.1'
Driver info: org.openqa.selenium.firefox.FirefoxDriver
Capabilities {acceptInsecureCerts: true, browserName: firefox, browserVersion: 56.0.2, javascriptEnabled: true, moz:accessibilityChecks: false, moz:headless: false, moz:processID: 22980, moz:profile: C:\Users\mick.mccarthy\AppD..., pageLoadStrategy: normal, platform: XP, platformName: XP, platformVersion: 10.0, rotatable: false, specificationLevel: 0, timeouts: {implicit: 0, pageLoad: 300000, script: 30000}}
Session ID: 99bafa7b-0191-4ee7-a029-64a0b4c01b31
*** Element info: {Using=css selector, value=#gcw-hotel-form-hp-hotel > button.submit}]]>
            </message>
            <full-stacktrace>
              <![CDATA[org.openqa.selenium.NoSuchElementException: Unable to locate element: #gcw-hotel-form-hp-hotel > button.submit
For documentation on this error, please visit: http://seleniumhq.org/exceptions/no_such_element.html
Build info: version: '3.7.1', revision: '8a0099a', time: '2017-11-06T21:07:36.161Z'
System info: host: 'W10161202', ip: '192.168.0.71', os.name: 'Windows 10', os.arch: 'amd64', os.version: '10.0', java.version: '9.0.1'
Driver info: org.openqa.selenium.firefox.FirefoxDriver
Capabilities {acceptInsecureCerts: true, browserName: firefox, browserVersion: 56.0.2, javascriptEnabled: true, moz:accessibilityChecks: false, moz:headless: false, moz:processID: 22980, moz:profile: C:\Users\mick.mccarthy\AppD..., pageLoadStrategy: normal, platform: XP, platformName: XP, platformVersion: 10.0, rotatable: false, specificationLevel: 0, timeouts: {implicit: 0, pageLoad: 300000, script: 30000}}
Session ID: 99bafa7b-0191-4ee7-a029-64a0b4c01b31
*** Element info: {Using=css selector, value=#gcw-hotel-form-hp-hotel > button.submit}
	at java.base/jdk.internal.reflect.NativeConstructorAccessorImpl.newInstance0(Native Method)
	at java.base/jdk.internal.reflect.NativeConstructorAccessorImpl.newInstance(Unknown Source)
	at java.base/jdk.internal.reflect.DelegatingConstructorAccessorImpl.newInstance(Unknown Source)
	at java.base/java.lang.reflect.Constructor.newInstance(Unknown Source)
	at org.openqa.selenium.remote.http.W3CHttpResponseCodec.createException(W3CHttpResponseCodec.java:187)
	at org.openqa.selenium.remote.http.W3CHttpResponseCodec.decode(W3CHttpResponseCodec.java:122)
	at org.openqa.selenium.remote.http.W3CHttpResponseCodec.decode(W3CHttpResponseCodec.java:49)
	at org.openqa.selenium.remote.HttpCommandExecutor.execute(HttpCommandExecutor.java:164)
	at org.openqa.selenium.remote.service.DriverCommandExecutor.execute(DriverCommandExecutor.java:83)
	at org.openqa.selenium.remote.RemoteWebDriver.execute(RemoteWebDriver.java:600)
	at org.openqa.selenium.remote.RemoteWebDriver.findElement(RemoteWebDriver.java:370)
	at org.openqa.selenium.remote.RemoteWebDriver.findElementByCssSelector(RemoteWebDriver.java:464)
	at org.openqa.selenium.By$ByCssSelector.findElement(By.java:430)
	at org.openqa.selenium.remote.RemoteWebDriver.findElement(RemoteWebDriver.java:362)
	at tests.Expedia.defineWebElements(Expedia.java:40)
	at tests.Expedia.hotelReservation(Expedia.java:46)
	at java.base/jdk.internal.reflect.NativeMethodAccessorImpl.invoke0(Native Method)
	at java.base/jdk.internal.reflect.NativeMethodAccessorImpl.invoke(Unknown Source)
	at java.base/jdk.internal.reflect.DelegatingMethodAccessorImpl.invoke(Unknown Source)
	at java.base/java.lang.reflect.Method.invoke(Unknown Source)
	at org.testng.internal.MethodInvocationHelper.invokeMethod(MethodInvocationHelper.java:108)
	at org.testng.internal.Invoker.invokeMethod(Invoker.java:669)
	at org.testng.internal.Invoker.invokeTestMethod(Invoker.java:877)
	at org.testng.internal.Invoker.invokeTestMethods(Invoker.java:1201)
	at org.testng.internal.TestMethodWorker.invokeTestMethods(TestMethodWorker.java:125)
	at org.testng.internal.TestMethodWorker.run(TestMethodWorker.java:109)
	at org.testng.TestRunner.privateRun(TestRunner.java:776)
	at org.testng.TestRunner.run(TestRunner.java:634)
	at org.testng.SuiteRunner.runTest(SuiteRunner.java:425)
	at org.testng.SuiteRunner.runSequentially(SuiteRunner.java:420)
	at org.testng.SuiteRunner.privateRun(SuiteRunner.java:385)
	at org.testng.SuiteRunner.run(SuiteRunner.java:334)
	at org.testng.SuiteRunnerWorker.runSuite(SuiteRunnerWorker.java:52)
	at org.testng.SuiteRunnerWorker.run(SuiteRunnerWorker.java:86)
	at org.testng.TestNG.runSuitesSequentially(TestNG.java:1318)
	at org.testng.TestNG.runSuitesLocally(TestNG.java:1243)
	at org.testng.TestNG.runSuites(TestNG.java:1161)
	at org.testng.TestNG.run(TestNG.java:1129)
	at org.testng.remote.AbstractRemoteTestNG.run(AbstractRemoteTestNG.java:114)
	at org.testng.remote.RemoteTestNG.initAndRun(RemoteTestNG.java:251)
	at org.testng.remote.RemoteTestNG.main(RemoteTestNG.java:77)
]]>
            </full-stacktrace>
          </exception> <!-- org.openqa.selenium.NoSuchElementException -->
          <reporter-output>
          </reporter-output>
        </test-method> <!-- hotelReservation -->
        <test-method is-config="true" signature="tearDown()[pri:0, instance:tests.Expedia@58a9760d]" started-at="2017-11-09T12:00:28Z" name="tearDown" finished-at="2017-11-09T12:00:28Z" duration-ms="0" status="PASS">
          <reporter-output>
          </reporter-output>
        </test-method> <!-- tearDown -->
      </class> <!-- tests.Expedia -->
    </test> <!-- Default test -->
  </suite> <!-- Default suite -->
</testng-results>
