<?xml version="1.0" encoding="UTF-8"?>
<testng-results ignored="0" total="2" passed="2" failed="0" skipped="0">
  <reporter-output>
  </reporter-output>
  <suite started-at="2017-11-09T09:12:13Z" name="SDET University Test Suites" finished-at="2017-11-09T09:12:22Z" duration-ms="9510">
    <groups>
    </groups>
    <test started-at="2017-11-09T09:12:13Z" name="Smoke Test: Home Page" finished-at="2017-11-09T09:12:18Z" duration-ms="5323">
      <class name="smokeTests.ATagsTest">
        <test-method is-config="true" signature="setup()[pri:0, instance:smokeTests.ATagsTest@5aebe890]" started-at="2017-11-09T09:12:13Z" name="setup" finished-at="2017-11-09T09:12:15Z" duration-ms="2409" status="PASS">
          <reporter-output>
          </reporter-output>
        </test-method> <!-- setup -->
        <test-method signature="loginElementsPresentTest()[pri:0, instance:smokeTests.ATagsTest@5aebe890]" started-at="2017-11-09T09:12:15Z" name="loginElementsPresentTest" finished-at="2017-11-09T09:12:18Z" duration-ms="2764" status="PASS">
          <reporter-output>
          </reporter-output>
        </test-method> <!-- loginElementsPresentTest -->
        <test-method is-config="true" signature="tearDown()[pri:0, instance:smokeTests.ATagsTest@5aebe890]" started-at="2017-11-09T09:12:18Z" name="tearDown" finished-at="2017-11-09T09:12:18Z" duration-ms="120" status="PASS">
          <reporter-output>
          </reporter-output>
        </test-method> <!-- tearDown -->
      </class> <!-- smokeTests.ATagsTest -->
    </test> <!-- Smoke Test: Home Page -->
    <test started-at="2017-11-09T09:12:18Z" name="Smoke Test: Login" finished-at="2017-11-09T09:12:22Z" duration-ms="4124">
      <class name="smokeTests.LoginPresentTestNG">
        <test-method is-config="true" signature="setup()[pri:0, instance:smokeTests.LoginPresentTestNG@77f80c04]" started-at="2017-11-09T09:12:18Z" name="setup" finished-at="2017-11-09T09:12:20Z" duration-ms="1914" status="PASS">
          <reporter-output>
          </reporter-output>
        </test-method> <!-- setup -->
        <test-method signature="loginElementsPresentTest()[pri:0, instance:smokeTests.LoginPresentTestNG@77f80c04]" started-at="2017-11-09T09:12:20Z" name="loginElementsPresentTest" finished-at="2017-11-09T09:12:22Z" duration-ms="2078" status="PASS">
          <reporter-output>
          </reporter-output>
        </test-method> <!-- loginElementsPresentTest -->
        <test-method is-config="true" signature="tearDown()[pri:0, instance:smokeTests.LoginPresentTestNG@77f80c04]" started-at="2017-11-09T09:12:22Z" name="tearDown" finished-at="2017-11-09T09:12:22Z" duration-ms="132" status="PASS">
          <reporter-output>
          </reporter-output>
        </test-method> <!-- tearDown -->
      </class> <!-- smokeTests.LoginPresentTestNG -->
    </test> <!-- Smoke Test: Login -->
  </suite> <!-- SDET University Test Suites -->
</testng-results>
